[2017-09-16 23:37:50,57] [info] Running with database db.url = jdbc:mysql://localhost:2801/cromwell_db?useSSL=false&rewriteBatchedStatements=true
[2017-09-16 23:38:00,77] [info] Running with database db.url = jdbc:mysql://localhost:2801/cromwell_db?useSSL=false&rewriteBatchedStatements=true
[2017-09-16 23:38:01,24] [info] Slf4jLogger started
[2017-09-16 23:38:01,44] [info] Metadata summary refreshing every 2 seconds.
[2017-09-16 23:38:01,46] [info] WriteMetadataActor configured to write to the database with batch size 200 and flush rate 5 seconds.
[2017-09-16 23:38:02,91] [info] CallCacheWriteActor configured to write to the database with batch size 100 and flush rate 3 seconds.
[2017-09-16 23:38:03,73] [info] SingleWorkflowRunnerActor: Submitting workflow
[2017-09-16 23:38:03,77] [info] Workflow c44b0020-ae84-49f0-a66d-f464faa48734 submitted.
[2017-09-16 23:38:03,77] [info] SingleWorkflowRunnerActor: Workflow submitted [38;5;2mc44b0020-ae84-49f0-a66d-f464faa48734[0m
[2017-09-16 23:38:03,78] [info] 1 new workflows fetched
[2017-09-16 23:38:03,78] [info] WorkflowManagerActor Starting workflow [38;5;2mc44b0020-ae84-49f0-a66d-f464faa48734[0m
[2017-09-16 23:38:03,78] [info] WorkflowManagerActor Successfully started WorkflowActor-c44b0020-ae84-49f0-a66d-f464faa48734
[2017-09-16 23:38:03,78] [info] Retrieved 1 workflows from the WorkflowStoreActor
[2017-09-16 23:38:04,87] [info] MaterializeWorkflowDescriptorActor [[38;5;2mc44b0020[0m]: Call-to-Backend assignments: PairedEndSingleSampleWorkflow.ConvertToCram -> SGE, PairedEndSingleSampleWorkflow.CollectUnsortedReadgroupBamQualityMetrics -> SGE, PairedEndSingleSampleWorkflow.CheckContamination -> SGE, PairedEndSingleSampleWorkflow.HaplotypeCaller -> SGE, PairedEndSingleSampleWorkflow.SortAndFixReadGroupBam -> SGE, PairedEndSingleSampleWorkflow.ValidateBamFromCram -> SGE, PairedEndSingleSampleWorkflow.CollectReadgroupBamQualityMetrics -> SGE, PairedEndSingleSampleWorkflow.CollectGvcfCallingMetrics -> SGE, PairedEndSingleSampleWorkflow.MergeVCFs -> SGE, PairedEndSingleSampleWorkflow.GatherBqsrReports -> SGE, PairedEndSingleSampleWorkflow.CollectWgsMetrics -> SGE, PairedEndSingleSampleWorkflow.CreateSequenceGroupingTSV -> SGE, PairedEndSingleSampleWorkflow.SamToFastqAndBwaMem -> SGE, PairedEndSingleSampleWorkflow.GatherBamFiles -> SGE, PairedEndSingleSampleWorkflow.BaseRecalibrator -> SGE, PairedEndSingleSampleWorkflow.SortAndFixSampleBam -> SGE, PairedEndSingleSampleWorkflow.CramToBam -> SGE, PairedEndSingleSampleWorkflow.CheckFingerprint -> SGE, PairedEndSingleSampleWorkflow.ValidateAggregatedSamFile -> SGE, PairedEndSingleSampleWorkflow.CollectRawWgsMetrics -> SGE, PairedEndSingleSampleWorkflow.GetBwaVersion -> SGE, PairedEndSingleSampleWorkflow.CrossCheckFingerprints -> SGE, PairedEndSingleSampleWorkflow.ValidateReadGroupSamFile -> SGE, PairedEndSingleSampleWorkflow.CollectAggregationMetrics -> SGE, PairedEndSingleSampleWorkflow.MarkDuplicates -> SGE, PairedEndSingleSampleWorkflow.CalculateReadGroupChecksum -> SGE, PairedEndSingleSampleWorkflow.CollectQualityYieldMetrics -> SGE, PairedEndSingleSampleWorkflow.ValidateGVCF -> SGE, PairedEndSingleSampleWorkflow.MergeBamAlignment -> SGE, PairedEndSingleSampleWorkflow.CheckFinalVcfExtension -> SGE, PairedEndSingleSampleWorkflow.ApplyBQSR -> SGE
[2017-09-16 23:38:07,17] [info] WorkflowExecutionActor-c44b0020-ae84-49f0-a66d-f464faa48734 [[38;5;2mc44b0020[0m]: Starting calls: PairedEndSingleSampleWorkflow.CheckFinalVcfExtension:NA:1, PairedEndSingleSampleWorkflow.CreateSequenceGroupingTSV:NA:1, PairedEndSingleSampleWorkflow.GetBwaVersion:NA:1
[2017-09-16 23:38:09,70] [info] WorkflowExecutionActor-c44b0020-ae84-49f0-a66d-f464faa48734 [[38;5;2mc44b0020[0m]: Starting calls: PairedEndSingleSampleWorkflow.CollectQualityYieldMetrics:0:1, PairedEndSingleSampleWorkflow.SamToFastqAndBwaMem:0:1
[2017-09-16 23:38:21,21] [info] DispatchedConfigAsyncJobExecutionActor [[38;5;2mc44b0020[0mPairedEndSingleSampleWorkflow.SamToFastqAndBwaMem:0:1]: [38;5;5mset -o pipefail
set -e
# set the bash variable needed for the command-line
bash_ref_fasta=/home/projects/dp_00005/data/cromwell_test/wdl/scripts/CBS_pipelines_realdata_STAGING/cromwell-executions/PairedEndSingleSampleWorkflow/c44b0020-ae84-49f0-a66d-f464faa48734/call-SamToFastqAndBwaMem/shard-0/inputs/home/projects/dp_00005/data/cromwell_test/genomics-public-data/resources/broad/hg38/v0/Homo_sapiens_assembly38.fasta
# if ref_alt has data in it, we proceed
if [ -s /home/projects/dp_00005/data/cromwell_test/wdl/scripts/CBS_pipelines_realdata_STAGING/cromwell-executions/PairedEndSingleSampleWorkflow/c44b0020-ae84-49f0-a66d-f464faa48734/call-SamToFastqAndBwaMem/shard-0/inputs/home/projects/dp_00005/data/cromwell_test/genomics-public-data/resources/broad/hg38/v0/Homo_sapiens_assembly38.fasta.64.alt ]; then
  java -Xmx3000m \
    -jar /home/projects/dp_00005/data/cromwell_test/wdl/scripts/CBS_pipelines_realdata_STAGING/cromwell-executions/PairedEndSingleSampleWorkflow/c44b0020-ae84-49f0-a66d-f464faa48734/call-SamToFastqAndBwaMem/shard-0/inputs/home/projects/dp_00005/apps/src/picard/build/libs/picard-2.11.0-2-g2206c08-SNAPSHOT-all.jar \
    SamToFastq \
    INPUT=/home/projects/dp_00005/data/cromwell_test/wdl/scripts/CBS_pipelines_realdata_STAGING/cromwell-executions/PairedEndSingleSampleWorkflow/c44b0020-ae84-49f0-a66d-f464faa48734/call-SamToFastqAndBwaMem/shard-0/inputs/home/projects/dp_00005/data/bgi_received_11092017/F17FTSEUHT0065_HUMdnpR/Raw/36PGF/170830_X512_FCH3N2TCCXY_L5_8521708000404.bam \
    FASTQ=/dev/stdout \
    INTERLEAVE=true \
    NON_PF=true | \
  /services/tools/bwa/0.7.15/bwa mem -K 100000000 -p -v 3 -t 28 -Y $bash_ref_fasta /dev/stdin -  2> >(tee /home/projects/dp_00005/data/bgi_received_11092017/F17FTSEUHT0065_HUMdnpR/Raw/36PGF/170830_X512_FCH3N2TCCXY_L5_8521708000404.unmerged.bwa.stderr.log >&2) | \
  /home/projects/dp_00005/data/cromwell_test/wdl/scripts/CBS_pipelines_realdata_STAGING/cromwell-executions/PairedEndSingleSampleWorkflow/c44b0020-ae84-49f0-a66d-f464faa48734/call-SamToFastqAndBwaMem/shard-0/inputs/home/projects/dp_00005/apps/src/samtools-1.5/samtools view -1 - > /home/projects/dp_00005/data/bgi_received_11092017/F17FTSEUHT0065_HUMdnpR/Raw/36PGF/170830_X512_FCH3N2TCCXY_L5_8521708000404.unmerged.bam
  grep -m1 "read .* ALT contigs" /home/projects/dp_00005/data/bgi_received_11092017/F17FTSEUHT0065_HUMdnpR/Raw/36PGF/170830_X512_FCH3N2TCCXY_L5_8521708000404.unmerged.bwa.stderr.log | \
  grep -v "read 0 ALT contigs"
# else ref_alt is empty or could not be found, so we bail out
else
  exit 1;
fi[0m
[2017-09-16 23:38:21,23] [info] DispatchedConfigAsyncJobExecutionActor [[38;5;2mc44b0020[0mPairedEndSingleSampleWorkflow.SamToFastqAndBwaMem:0:1]: executing: qsub \
-V \
-N cromwell_c44b0020_SamToFastqAndBwaMem \
-d /home/projects/dp_00005/data/cromwell_test/wdl/scripts/CBS_pipelines_realdata_STAGING/cromwell-executions/PairedEndSingleSampleWorkflow/c44b0020-ae84-49f0-a66d-f464faa48734/call-SamToFastqAndBwaMem/shard-0 \
-o /home/projects/dp_00005/data/cromwell_test/wdl/scripts/CBS_pipelines_realdata_STAGING/cromwell-executions/PairedEndSingleSampleWorkflow/c44b0020-ae84-49f0-a66d-f464faa48734/call-SamToFastqAndBwaMem/shard-0/execution/stdout \
-e /home/projects/dp_00005/data/cromwell_test/wdl/scripts/CBS_pipelines_realdata_STAGING/cromwell-executions/PairedEndSingleSampleWorkflow/c44b0020-ae84-49f0-a66d-f464faa48734/call-SamToFastqAndBwaMem/shard-0/execution/stderr \
-W group_list=dp_00005 -A dp_00005 -l nodes=1:ppn=28,walltime=100:00:00 \
/home/projects/dp_00005/data/cromwell_test/wdl/scripts/CBS_pipelines_realdata_STAGING/cromwell-executions/PairedEndSingleSampleWorkflow/c44b0020-ae84-49f0-a66d-f464faa48734/call-SamToFastqAndBwaMem/shard-0/execution/script
[2017-09-16 23:38:22,36] [info] DispatchedConfigAsyncJobExecutionActor [[38;5;2mc44b0020[0mPairedEndSingleSampleWorkflow.SamToFastqAndBwaMem:0:1]: job id: 18368127.risoe-r04-sn064.cm.cluster
[2017-09-16 23:38:22,37] [info] DispatchedConfigAsyncJobExecutionActor [[38;5;2mc44b0020[0mPairedEndSingleSampleWorkflow.SamToFastqAndBwaMem:0:1]: Status change from - to WaitingForReturnCodeFile
[2017-09-16 23:46:29,50] [[38;5;220mwarn[0m] Localization via hard link has failed: /home/projects/dp_00005/data/cromwell_test/wdl/scripts/CBS_pipelines_realdata_STAGING/cromwell-executions/PairedEndSingleSampleWorkflow/c44b0020-ae84-49f0-a66d-f464faa48734/call-CollectQualityYieldMetrics/shard-0/bgi_received_11092017/F17FTSEUHT0065_HUMdnpR/Raw/36PGF/170830_X512_FCH3N2TCCXY_L5_8521708000404.unmapped.quality_yield_metrics -> /home/projects/dp_00005/data/bgi_received_11092017/F17FTSEUHT0065_HUMdnpR/Raw/36PGF/170830_X512_FCH3N2TCCXY_L5_8521708000404.unmapped.quality_yield_metrics
[2017-09-16 23:46:29,51] [[38;5;220mwarn[0m] Couldn't find a suitable DSN, defaulting to a Noop one.
[2017-09-16 23:46:29,52] [info] Using noop to send events.
[2017-09-16 23:46:29,54] [[38;5;220mwarn[0m] Localization via copy has failed: /home/projects/dp_00005/data/bgi_received_11092017/F17FTSEUHT0065_HUMdnpR/Raw/36PGF/170830_X512_FCH3N2TCCXY_L5_8521708000404.unmapped.quality_yield_metrics
[2017-09-16 23:46:29,58] [[38;5;1merror[0m] Failed copying cache results for job PairedEndSingleSampleWorkflow.CollectQualityYieldMetrics:0:1, invalidating cache entry.
lenthall.exception.AggregatedException: :
Could not cache /home/projects/dp_00005/data/bgi_received_11092017/F17FTSEUHT0065_HUMdnpR/Raw/36PGF/170830_X512_FCH3N2TCCXY_L5_8521708000404.unmapped.quality_yield_metrics -> /home/projects/dp_00005/data/cromwell_test/wdl/scripts/CBS_pipelines_realdata_STAGING/cromwell-executions/PairedEndSingleSampleWorkflow/c44b0020-ae84-49f0-a66d-f464faa48734/call-CollectQualityYieldMetrics/shard-0/bgi_received_11092017/F17FTSEUHT0065_HUMdnpR/Raw/36PGF/170830_X512_FCH3N2TCCXY_L5_8521708000404.unmapped.quality_yield_metrics:
	/home/projects/dp_00005/data/bgi_received_11092017/F17FTSEUHT0065_HUMdnpR/Raw/36PGF/170830_X512_FCH3N2TCCXY_L5_8521708000404.unmapped.quality_yield_metrics doesn't exists
	File not found /home/projects/dp_00005/data/cromwell_test/wdl/scripts/CBS_pipelines_realdata_STAGING/cromwell-executions/PairedEndSingleSampleWorkflow/c44b0020-ae84-49f0-a66d-f464faa48734/call-CollectQualityYieldMetrics/shard-0/bgi_received_11092017/F17FTSEUHT0065_HUMdnpR/Raw/36PGF/170830_X512_FCH3N2TCCXY_L5_8521708000404.unmapped.quality_yield_metrics -> /home/projects/dp_00005/data/bgi_received_11092017/F17FTSEUHT0065_HUMdnpR/Raw/36PGF/170830_X512_FCH3N2TCCXY_L5_8521708000404.unmapped.quality_yield_metrics
	File not found /home/projects/dp_00005/data/bgi_received_11092017/F17FTSEUHT0065_HUMdnpR/Raw/36PGF/170830_X512_FCH3N2TCCXY_L5_8521708000404.unmapped.quality_yield_metrics
	File not found /home/projects/dp_00005/data/bgi_received_11092017/F17FTSEUHT0065_HUMdnpR/Raw/36PGF/170830_X512_FCH3N2TCCXY_L5_8521708000404.unmapped.quality_yield_metrics
	at lenthall.util.TryUtil$.sequenceIterable(TryUtil.scala:26)
	at lenthall.util.TryUtil$.sequence(TryUtil.scala:33)
	at cromwell.backend.sfs.SharedFileSystemCacheHitCopyingActor.duplicate(SharedFileSystemCacheHitCopyingActor.scala:20)
	at cromwell.backend.standard.callcaching.StandardCacheHitCopyingActor$$anonfun$1.applyOrElse(StandardCacheHitCopyingActor.scala:144)
	at cromwell.backend.standard.callcaching.StandardCacheHitCopyingActor$$anonfun$1.applyOrElse(StandardCacheHitCopyingActor.scala:129)
	at scala.runtime.AbstractPartialFunction.apply(AbstractPartialFunction.scala:34)
	at akka.actor.FSM.processEvent(FSM.scala:665)
	at akka.actor.FSM.processEvent$(FSM.scala:662)
	at cromwell.backend.standard.callcaching.StandardCacheHitCopyingActor.processEvent(StandardCacheHitCopyingActor.scala:110)
	at akka.actor.FSM.akka$actor$FSM$$processMsg(FSM.scala:659)
	at akka.actor.FSM$$anonfun$receive$1.applyOrElse(FSM.scala:653)
	at scala.PartialFunction$OrElse.applyOrElse(PartialFunction.scala:172)
	at scala.PartialFunction$OrElse.applyOrElse(PartialFunction.scala:172)
	at akka.actor.Actor.aroundReceive(Actor.scala:514)
	at akka.actor.Actor.aroundReceive$(Actor.scala:512)
	at cromwell.backend.standard.callcaching.StandardCacheHitCopyingActor.aroundReceive(StandardCacheHitCopyingActor.scala:110)
	at akka.actor.ActorCell.receiveMessage(ActorCell.scala:527)
	at akka.actor.ActorCell.invoke(ActorCell.scala:496)
	at akka.dispatch.Mailbox.processMailbox(Mailbox.scala:257)
	at akka.dispatch.Mailbox.run(Mailbox.scala:224)
	at akka.dispatch.Mailbox.exec(Mailbox.scala:234)
	at akka.dispatch.forkjoin.ForkJoinTask.doExec(ForkJoinTask.java:260)
	at akka.dispatch.forkjoin.ForkJoinPool$WorkQueue.runTask(ForkJoinPool.java:1339)
	at akka.dispatch.forkjoin.ForkJoinPool.runWorker(ForkJoinPool.java:1979)
	at akka.dispatch.forkjoin.ForkJoinWorkerThread.run(ForkJoinWorkerThread.java:107)
	Suppressed: lenthall.exception.AggregatedException: Could not cache /home/projects/dp_00005/data/bgi_received_11092017/F17FTSEUHT0065_HUMdnpR/Raw/36PGF/170830_X512_FCH3N2TCCXY_L5_8521708000404.unmapped.quality_yield_metrics -> /home/projects/dp_00005/data/cromwell_test/wdl/scripts/CBS_pipelines_realdata_STAGING/cromwell-executions/PairedEndSingleSampleWorkflow/c44b0020-ae84-49f0-a66d-f464faa48734/call-CollectQualityYieldMetrics/shard-0/bgi_received_11092017/F17FTSEUHT0065_HUMdnpR/Raw/36PGF/170830_X512_FCH3N2TCCXY_L5_8521708000404.unmapped.quality_yield_metrics:
/home/projects/dp_00005/data/bgi_received_11092017/F17FTSEUHT0065_HUMdnpR/Raw/36PGF/170830_X512_FCH3N2TCCXY_L5_8521708000404.unmapped.quality_yield_metrics doesn't exists
File not found /home/projects/dp_00005/data/cromwell_test/wdl/scripts/CBS_pipelines_realdata_STAGING/cromwell-executions/PairedEndSingleSampleWorkflow/c44b0020-ae84-49f0-a66d-f464faa48734/call-CollectQualityYieldMetrics/shard-0/bgi_received_11092017/F17FTSEUHT0065_HUMdnpR/Raw/36PGF/170830_X512_FCH3N2TCCXY_L5_8521708000404.unmapped.quality_yield_metrics -> /home/projects/dp_00005/data/bgi_received_11092017/F17FTSEUHT0065_HUMdnpR/Raw/36PGF/170830_X512_FCH3N2TCCXY_L5_8521708000404.unmapped.quality_yield_metrics
File not found /home/projects/dp_00005/data/bgi_received_11092017/F17FTSEUHT0065_HUMdnpR/Raw/36PGF/170830_X512_FCH3N2TCCXY_L5_8521708000404.unmapped.quality_yield_metrics
File not found /home/projects/dp_00005/data/bgi_received_11092017/F17FTSEUHT0065_HUMdnpR/Raw/36PGF/170830_X512_FCH3N2TCCXY_L5_8521708000404.unmapped.quality_yield_metrics
		at lenthall.util.TryUtil$.sequenceIterable(TryUtil.scala:26)
		at lenthall.util.TryUtil$.sequence(TryUtil.scala:33)
		at cromwell.backend.sfs.SharedFileSystem$.$anonfun$duplicate$3(SharedFileSystem.scala:82)
		at scala.Option.getOrElse(Option.scala:121)
		at cromwell.backend.sfs.SharedFileSystem$.cromwell$backend$sfs$SharedFileSystem$$duplicate(SharedFileSystem.scala:82)
		at cromwell.backend.sfs.SharedFileSystem.cacheCopy(SharedFileSystem.scala:150)
		at cromwell.backend.sfs.SharedFileSystem.cacheCopy$(SharedFileSystem.scala:149)
		at cromwell.backend.sfs.SharedFileSystemJobCachingActorHelper$$anon$1.cacheCopy(SharedFileSystemJobCachingActorHelper.scala:13)
		at cromwell.backend.sfs.SharedFileSystemCacheHitCopyingActor.$anonfun$duplicate$1(SharedFileSystemCacheHitCopyingActor.scala:17)
		at scala.collection.TraversableLike.$anonfun$map$1(TraversableLike.scala:234)
		at scala.collection.immutable.HashSet$HashSet1.foreach(HashSet.scala:320)
		at scala.collection.immutable.HashSet$HashTrieSet.foreach(HashSet.scala:976)
		at scala.collection.TraversableLike.map(TraversableLike.scala:234)
		at scala.collection.TraversableLike.map$(TraversableLike.scala:227)
		at scala.collection.AbstractSet.scala$collection$SetLike$$super$map(Set.scala:47)
		at scala.collection.SetLike.map(SetLike.scala:101)
		at scala.collection.SetLike.map$(SetLike.scala:101)
		at scala.collection.AbstractSet.map(Set.scala:47)
		at cromwell.backend.sfs.SharedFileSystemCacheHitCopyingActor.duplicate(SharedFileSystemCacheHitCopyingActor.scala:15)
		... 22 common frames omitted
		Suppressed: java.lang.RuntimeException: /home/projects/dp_00005/data/bgi_received_11092017/F17FTSEUHT0065_HUMdnpR/Raw/36PGF/170830_X512_FCH3N2TCCXY_L5_8521708000404.unmapped.quality_yield_metrics doesn't exists
			at cromwell.backend.sfs.SharedFileSystem$.cromwell$backend$sfs$SharedFileSystem$$localizePathAlreadyLocalized(SharedFileSystem.scala:42)
			at cromwell.backend.sfs.SharedFileSystem.$anonfun$createStrategies$6(SharedFileSystem.scala:125)
			at cromwell.backend.sfs.SharedFileSystem$.$anonfun$duplicate$1(SharedFileSystem.scala:80)
			at scala.collection.immutable.Stream.map(Stream.scala:415)
			at cromwell.backend.sfs.SharedFileSystem$.cromwell$backend$sfs$SharedFileSystem$$duplicate(SharedFileSystem.scala:80)
			... 36 common frames omitted
		Suppressed: java.nio.file.NoSuchFileException: /home/projects/dp_00005/data/cromwell_test/wdl/scripts/CBS_pipelines_realdata_STAGING/cromwell-executions/PairedEndSingleSampleWorkflow/c44b0020-ae84-49f0-a66d-f464faa48734/call-CollectQualityYieldMetrics/shard-0/bgi_received_11092017/F17FTSEUHT0065_HUMdnpR/Raw/36PGF/170830_X512_FCH3N2TCCXY_L5_8521708000404.unmapped.quality_yield_metrics -> /home/projects/dp_00005/data/bgi_received_11092017/F17FTSEUHT0065_HUMdnpR/Raw/36PGF/170830_X512_FCH3N2TCCXY_L5_8521708000404.unmapped.quality_yield_metrics
			at sun.nio.fs.UnixException.translateToIOException(UnixException.java:86)
			at sun.nio.fs.UnixException.rethrowAsIOException(UnixException.java:102)
			at sun.nio.fs.UnixFileSystemProvider.createLink(UnixFileSystemProvider.java:476)
			at java.nio.file.Files.createLink(Files.java:1086)
			at better.files.File.linkTo(File.scala:675)
			at cromwell.core.path.BetterFileMethods.linkTo(BetterFileMethods.scala:437)
			at cromwell.core.path.BetterFileMethods.linkTo$(BetterFileMethods.scala:435)
			at cromwell.core.path.DefaultPath.linkTo(DefaultPathBuilder.scala:53)
			at cromwell.backend.sfs.SharedFileSystem$.$anonfun$localizePathViaHardLink$1(SharedFileSystem.scala:57)
			at scala.util.Try$.apply(Try.scala:209)
			at cromwell.backend.sfs.SharedFileSystem$.cromwell$backend$sfs$SharedFileSystem$$localizePathViaHardLink(SharedFileSystem.scala:55)
			at cromwell.backend.sfs.SharedFileSystem.$anonfun$createStrategies$3(SharedFileSystem.scala:118)
			at cromwell.backend.sfs.SharedFileSystem$.$anonfun$duplicate$1(SharedFileSystem.scala:80)
			at scala.collection.immutable.Stream.$anonfun$map$1(Stream.scala:415)
			at scala.collection.immutable.Stream$Cons.tail(Stream.scala:1169)
			at scala.collection.immutable.Stream$Cons.tail(Stream.scala:1159)
			at scala.collection.LinearSeqOptimized.find(LinearSeqOptimized.scala:112)
			at scala.collection.LinearSeqOptimized.find$(LinearSeqOptimized.scala:108)
			at scala.collection.immutable.Stream.find(Stream.scala:201)
			at cromwell.backend.sfs.SharedFileSystem$.cromwell$backend$sfs$SharedFileSystem$$duplicate(SharedFileSystem.scala:81)
			... 36 common frames omitted
		Suppressed: java.io.FileNotFoundException: /home/projects/dp_00005/data/bgi_received_11092017/F17FTSEUHT0065_HUMdnpR/Raw/36PGF/170830_X512_FCH3N2TCCXY_L5_8521708000404.unmapped.quality_yield_metrics
			at cromwell.backend.sfs.SharedFileSystem$.cromwell$backend$sfs$SharedFileSystem$$localizePathViaSymbolicLink(SharedFileSystem.scala:64)
			at cromwell.backend.sfs.SharedFileSystem.$anonfun$createStrategies$4(SharedFileSystem.scala:119)
			at cromwell.backend.sfs.SharedFileSystem$.$anonfun$duplicate$1(SharedFileSystem.scala:80)
			at scala.collection.immutable.Stream.$anonfun$map$1(Stream.scala:415)
			at scala.collection.immutable.Stream$Cons.tail(Stream.scala:1169)
			at scala.collection.immutable.Stream$Cons.tail(Stream.scala:1159)
			at scala.collection.LinearSeqOptimized.find(LinearSeqOptimized.scala:112)
			at scala.collection.LinearSeqOptimized.find$(LinearSeqOptimized.scala:108)
			at scala.collection.immutable.Stream.find(Stream.scala:201)
			at cromwell.backend.sfs.SharedFileSystem$.cromwell$backend$sfs$SharedFileSystem$$duplicate(SharedFileSystem.scala:81)
			... 36 common frames omitted
		Suppressed: java.nio.file.NoSuchFileException: /home/projects/dp_00005/data/bgi_received_11092017/F17FTSEUHT0065_HUMdnpR/Raw/36PGF/170830_X512_FCH3N2TCCXY_L5_8521708000404.unmapped.quality_yield_metrics
			at sun.nio.fs.UnixException.translateToIOException(UnixException.java:86)
			at sun.nio.fs.UnixException.rethrowAsIOException(UnixException.java:102)
			at sun.nio.fs.UnixException.rethrowAsIOException(UnixException.java:107)
			at sun.nio.fs.UnixCopyFile.copy(UnixCopyFile.java:526)
			at sun.nio.fs.UnixFileSystemProvider.copy(UnixFileSystemProvider.java:253)
			at java.nio.file.Files.copy(Files.java:1274)
			at better.files.File.copyTo(File.scala:663)
			at cromwell.core.path.BetterFileMethods.copyTo(BetterFileMethods.scala:425)
			at cromwell.core.path.BetterFileMethods.copyTo$(BetterFileMethods.scala:424)
			at cromwell.core.path.DefaultPath.copyTo(DefaultPathBuilder.scala:53)
			at cromwell.backend.sfs.SharedFileSystem$.$anonfun$localizePathViaCopy$1(SharedFileSystem.scala:49)
			at scala.util.Try$.apply(Try.scala:209)
			at cromwell.backend.sfs.SharedFileSystem$.cromwell$backend$sfs$SharedFileSystem$$localizePathViaCopy(SharedFileSystem.scala:46)
			at cromwell.backend.sfs.SharedFileSystem.$anonfun$createStrategies$5(SharedFileSystem.scala:120)
			at cromwell.backend.sfs.SharedFileSystem$.$anonfun$duplicate$1(SharedFileSystem.scala:80)
			at scala.collection.immutable.Stream.$anonfun$map$1(Stream.scala:415)
			at scala.collection.immutable.Stream$Cons.tail(Stream.scala:1169)
			at scala.collection.immutable.Stream$Cons.tail(Stream.scala:1159)
			at scala.collection.LinearSeqOptimized.find(LinearSeqOptimized.scala:112)
			at scala.collection.LinearSeqOptimized.find$(LinearSeqOptimized.scala:108)
			at scala.collection.immutable.Stream.find(Stream.scala:201)
			at cromwell.backend.sfs.SharedFileSystem$.cromwell$backend$sfs$SharedFileSystem$$duplicate(SharedFileSystem.scala:81)
			... 36 common frames omitted
[2017-09-16 23:46:29,60] [info] Trying to use another cache hit for job: PairedEndSingleSampleWorkflow.CollectQualityYieldMetrics:0:1
[2017-09-16 23:46:30,82] [info] DispatchedConfigAsyncJobExecutionActor [[38;5;2mc44b0020[0mPairedEndSingleSampleWorkflow.CollectQualityYieldMetrics:0:1]: [38;5;5mjava -Xmx128m \
  -jar /home/projects/dp_00005/data/cromwell_test/wdl/scripts/CBS_pipelines_realdata_STAGING/cromwell-executions/PairedEndSingleSampleWorkflow/c44b0020-ae84-49f0-a66d-f464faa48734/call-CollectQualityYieldMetrics/shard-0/inputs/home/projects/dp_00005/apps/src/picard/build/libs/picard-2.11.0-2-g2206c08-SNAPSHOT-all.jar \
  CollectQualityYieldMetrics \
  INPUT=/home/projects/dp_00005/data/cromwell_test/wdl/scripts/CBS_pipelines_realdata_STAGING/cromwell-executions/PairedEndSingleSampleWorkflow/c44b0020-ae84-49f0-a66d-f464faa48734/call-CollectQualityYieldMetrics/shard-0/inputs/home/projects/dp_00005/data/bgi_received_11092017/F17FTSEUHT0065_HUMdnpR/Raw/36PGF/170830_X512_FCH3N2TCCXY_L5_8521708000404.bam \
  OQ=true \
  OUTPUT=/home/projects/dp_00005/data/bgi_received_11092017/F17FTSEUHT0065_HUMdnpR/Raw/36PGF/170830_X512_FCH3N2TCCXY_L5_8521708000404.unmapped.quality_yield_metrics[0m
[2017-09-16 23:46:30,83] [info] DispatchedConfigAsyncJobExecutionActor [[38;5;2mc44b0020[0mPairedEndSingleSampleWorkflow.CollectQualityYieldMetrics:0:1]: executing: qsub \
-V \
-N cromwell_c44b0020_CollectQualityYieldMetrics \
-d /home/projects/dp_00005/data/cromwell_test/wdl/scripts/CBS_pipelines_realdata_STAGING/cromwell-executions/PairedEndSingleSampleWorkflow/c44b0020-ae84-49f0-a66d-f464faa48734/call-CollectQualityYieldMetrics/shard-0 \
-o /home/projects/dp_00005/data/cromwell_test/wdl/scripts/CBS_pipelines_realdata_STAGING/cromwell-executions/PairedEndSingleSampleWorkflow/c44b0020-ae84-49f0-a66d-f464faa48734/call-CollectQualityYieldMetrics/shard-0/execution/stdout \
-e /home/projects/dp_00005/data/cromwell_test/wdl/scripts/CBS_pipelines_realdata_STAGING/cromwell-executions/PairedEndSingleSampleWorkflow/c44b0020-ae84-49f0-a66d-f464faa48734/call-CollectQualityYieldMetrics/shard-0/execution/stderr \
-W group_list=dp_00005 -A dp_00005 -l nodes=1:ppn=1,walltime=100:00:00 \
/home/projects/dp_00005/data/cromwell_test/wdl/scripts/CBS_pipelines_realdata_STAGING/cromwell-executions/PairedEndSingleSampleWorkflow/c44b0020-ae84-49f0-a66d-f464faa48734/call-CollectQualityYieldMetrics/shard-0/execution/script
[2017-09-16 23:46:31,96] [info] DispatchedConfigAsyncJobExecutionActor [[38;5;2mc44b0020[0mPairedEndSingleSampleWorkflow.CollectQualityYieldMetrics:0:1]: job id: 18368128.risoe-r04-sn064.cm.cluster
[2017-09-16 23:46:31,97] [info] DispatchedConfigAsyncJobExecutionActor [[38;5;2mc44b0020[0mPairedEndSingleSampleWorkflow.CollectQualityYieldMetrics:0:1]: Status change from - to WaitingForReturnCodeFile
[2017-09-17 00:29:19,55] [info] DispatchedConfigAsyncJobExecutionActor [[38;5;2mc44b0020[0mPairedEndSingleSampleWorkflow.CollectQualityYieldMetrics:0:1]: Status change from WaitingForReturnCodeFile to Done
[2017-09-17 00:29:21,41] [info] WorkflowExecutionActor-c44b0020-ae84-49f0-a66d-f464faa48734 [[38;5;2mc44b0020[0m]: Starting calls: Collector-CollectQualityYieldMetrics
[2017-09-17 05:51:52,32] [info] DispatchedConfigAsyncJobExecutionActor [[38;5;2mc44b0020[0mPairedEndSingleSampleWorkflow.SamToFastqAndBwaMem:0:1]: Status change from WaitingForReturnCodeFile to Done
[2017-09-17 05:51:54,83] [info] WorkflowExecutionActor-c44b0020-ae84-49f0-a66d-f464faa48734 [[38;5;2mc44b0020[0m]: Starting calls: PairedEndSingleSampleWorkflow.MergeBamAlignment:0:1, Collector-SamToFastqAndBwaMem
[2017-09-17 05:51:55,58] [info] DispatchedConfigAsyncJobExecutionActor [[38;5;2mc44b0020[0mPairedEndSingleSampleWorkflow.MergeBamAlignment:0:1]: [38;5;5m# set the bash variable needed for the command-line
bash_ref_fasta=/home/projects/dp_00005/data/cromwell_test/wdl/scripts/CBS_pipelines_realdata_STAGING/cromwell-executions/PairedEndSingleSampleWorkflow/c44b0020-ae84-49f0-a66d-f464faa48734/call-MergeBamAlignment/shard-0/inputs/home/projects/dp_00005/data/cromwell_test/genomics-public-data/resources/broad/hg38/v0/Homo_sapiens_assembly38.fasta
java -Xmx2500m \
  -jar /home/projects/dp_00005/data/cromwell_test/wdl/scripts/CBS_pipelines_realdata_STAGING/cromwell-executions/PairedEndSingleSampleWorkflow/c44b0020-ae84-49f0-a66d-f464faa48734/call-MergeBamAlignment/shard-0/inputs/home/projects/dp_00005/apps/src/picard/build/libs/picard-2.11.0-2-g2206c08-SNAPSHOT-all.jar \
  MergeBamAlignment \
  VALIDATION_STRINGENCY=SILENT \
  EXPECTED_ORIENTATIONS=FR \
  ATTRIBUTES_TO_RETAIN=X0 \
  ALIGNED_BAM=/home/projects/dp_00005/data/cromwell_test/wdl/scripts/CBS_pipelines_realdata_STAGING/cromwell-executions/PairedEndSingleSampleWorkflow/c44b0020-ae84-49f0-a66d-f464faa48734/call-MergeBamAlignment/shard-0/inputs/home/projects/dp_00005/data/bgi_received_11092017/F17FTSEUHT0065_HUMdnpR/Raw/36PGF/170830_X512_FCH3N2TCCXY_L5_8521708000404.unmerged.bam \
  UNMAPPED_BAM=/home/projects/dp_00005/data/cromwell_test/wdl/scripts/CBS_pipelines_realdata_STAGING/cromwell-executions/PairedEndSingleSampleWorkflow/c44b0020-ae84-49f0-a66d-f464faa48734/call-MergeBamAlignment/shard-0/inputs/home/projects/dp_00005/data/bgi_received_11092017/F17FTSEUHT0065_HUMdnpR/Raw/36PGF/170830_X512_FCH3N2TCCXY_L5_8521708000404.bam \
  OUTPUT=/home/projects/dp_00005/data/bgi_received_11092017/F17FTSEUHT0065_HUMdnpR/Raw/36PGF/170830_X512_FCH3N2TCCXY_L5_8521708000404.aligned.unsorted.bam \
  REFERENCE_SEQUENCE=/home/projects/dp_00005/data/cromwell_test/wdl/scripts/CBS_pipelines_realdata_STAGING/cromwell-executions/PairedEndSingleSampleWorkflow/c44b0020-ae84-49f0-a66d-f464faa48734/call-MergeBamAlignment/shard-0/inputs/home/projects/dp_00005/data/cromwell_test/genomics-public-data/resources/broad/hg38/v0/Homo_sapiens_assembly38.fasta \
  PAIRED_RUN=true \
  SORT_ORDER="unsorted" \
  IS_BISULFITE_SEQUENCE=false \
  ALIGNED_READS_ONLY=false \
  CLIP_ADAPTERS=false \
  MAX_RECORDS_IN_RAM=2000000 \
  ADD_MATE_CIGAR=true \
  MAX_INSERTIONS_OR_DELETIONS=-1 \
  PRIMARY_ALIGNMENT_STRATEGY=MostDistant \
  PROGRAM_RECORD_ID="bwamem" \
  PROGRAM_GROUP_VERSION="0.7.15-r1140" \
  PROGRAM_GROUP_COMMAND_LINE="/services/tools/bwa/0.7.15/bwa mem -K 100000000 -p -v 3 -t 28 -Y $bash_ref_fasta" \
  PROGRAM_GROUP_NAME="bwamem" \
  UNMAPPED_READ_STRATEGY=COPY_TO_TAG \
  ALIGNER_PROPER_PAIR_FLAGS=true \
  UNMAP_CONTAMINANT_READS=true[0m
[2017-09-17 05:51:55,59] [info] DispatchedConfigAsyncJobExecutionActor [[38;5;2mc44b0020[0mPairedEndSingleSampleWorkflow.MergeBamAlignment:0:1]: executing: qsub \
-V \
-N cromwell_c44b0020_MergeBamAlignment \
-d /home/projects/dp_00005/data/cromwell_test/wdl/scripts/CBS_pipelines_realdata_STAGING/cromwell-executions/PairedEndSingleSampleWorkflow/c44b0020-ae84-49f0-a66d-f464faa48734/call-MergeBamAlignment/shard-0 \
-o /home/projects/dp_00005/data/cromwell_test/wdl/scripts/CBS_pipelines_realdata_STAGING/cromwell-executions/PairedEndSingleSampleWorkflow/c44b0020-ae84-49f0-a66d-f464faa48734/call-MergeBamAlignment/shard-0/execution/stdout \
-e /home/projects/dp_00005/data/cromwell_test/wdl/scripts/CBS_pipelines_realdata_STAGING/cromwell-executions/PairedEndSingleSampleWorkflow/c44b0020-ae84-49f0-a66d-f464faa48734/call-MergeBamAlignment/shard-0/execution/stderr \
-W group_list=dp_00005 -A dp_00005 -l nodes=1:ppn=1,walltime=100:00:00 \
/home/projects/dp_00005/data/cromwell_test/wdl/scripts/CBS_pipelines_realdata_STAGING/cromwell-executions/PairedEndSingleSampleWorkflow/c44b0020-ae84-49f0-a66d-f464faa48734/call-MergeBamAlignment/shard-0/execution/script
[2017-09-17 05:51:56,72] [info] DispatchedConfigAsyncJobExecutionActor [[38;5;2mc44b0020[0mPairedEndSingleSampleWorkflow.MergeBamAlignment:0:1]: job id: 18368177.risoe-r04-sn064.cm.cluster
[2017-09-17 05:51:56,73] [info] DispatchedConfigAsyncJobExecutionActor [[38;5;2mc44b0020[0mPairedEndSingleSampleWorkflow.MergeBamAlignment:0:1]: Status change from - to WaitingForReturnCodeFile
